<?xml version="1.0" encoding="UTF-8"?>
<!-- Generated by org.testng.reporters.JUnitReportReporter -->
<testsuite hostname="ADMIN" failures="0" tests="1" name="BT2.AddProductAdmin" time="72.976" errors="0" timestamp="2022-06-26T11:52:02 ICT" skipped="0">
  <testcase classname="BT2.AddProductAdmin" name="AddNewProduct" time="72.976"/>
  <system-out/>
</testsuite> <!-- BT2.AddProductAdmin -->
